This is XeTeX, Version 3.14159265-2.6-0.99996 (TeX Live 2016) (preloaded format=xelatex 2016.9.7)  5 DEC 2017 13:11
entering extended mode
 restricted \write18 enabled.
 %&-line parsing enabled.
**hansenschirraetal.tex
(./hansenschirraetal.tex
LaTeX2e <2016/03/31> patch level 3
Babel <3.9r> and hyphenation patterns for 83 language(s) loaded.

! LaTeX Error: File `LSP/langsci.cls' not found.

Type X to quit or <RETURN> to proceed,
or enter new name. (Default extension: cls)

Enter file name: 
! Emergency stop.
<read *> 
         
l.2 ^^M
       
*** (cannot \read from terminal in nonstop modes)

 
Here is how much of TeX's memory you used:
 10 strings out of 493589
 155 string characters out of 6143513
 53785 words of memory out of 5000000
 3518 multiletter control sequences out of 15000+600000
 3640 words of font info for 14 fonts, out of 8000000 for 9000
 1347 hyphenation exceptions out of 8191
 10i,0n,7p,66b,8s stack positions out of 5000i,500n,10000p,200000b,80000s
No pages of output.
